<?xml version="1.0" encoding="UTF-8" ?>
<testsuite tests="6" failures="0" name="com.aconex.tech.VoteServiceTest" time="0.037" errors="0" skipped="0">
  <properties>
[...]
</properties>
  <testcase classname="com.aconex.tech.VoteServiceTest" name="getCandidateFromPreferenceTest" time="0.001"/>
  <testcase classname="com.aconex.tech.VoteServiceTest" name="validateVoteSequenceTest" time="0.006"/>
  <testcase classname="com.aconex.tech.VoteServiceTest" name="casteVoteTest3" time="0.008"/>
  <testcase classname="com.aconex.tech.VoteServiceTest" name="casteVoteTest4" time="0.008"/>
  <testcase classname="com.aconex.tech.VoteServiceTest" name="casteVoteTest2" time="0.008"/>
  <testcase classname="com.aconex.tech.VoteServiceTest" name="casteVoteTest1" time="0.006"/>
</testsuite>